[Thu Sep 15 2016 11:07:23 GMT-0300 (BRT)] INFO Costumer "existentUser" already in register.
[Thu Sep 15 2016 11:07:23 GMT-0300 (BRT)] INFO Salesman "existentSalesman" already in register.
[Thu Sep 15 2016 11:07:24 GMT-0300 (BRT)] ERROR [Error: Line: 1 - Number of line separators is wrong! Should be: 3]
[Thu Sep 15 2016 11:07:24 GMT-0300 (BRT)] ERROR [Error: Line: 1 - Number of line separators is wrong! Should be: 3]
[Thu Sep 15 2016 11:07:24 GMT-0300 (BRT)] ERROR [Error: Not a .dat file!]
[Thu Sep 15 2016 11:07:24 GMT-0300 (BRT)] ERROR [Error: Not a valid file name!]
[Thu Sep 15 2016 11:12:00 GMT-0300 (BRT)] INFO Costumer "existentUser" already in register.
[Thu Sep 15 2016 11:12:00 GMT-0300 (BRT)] INFO Salesman "existentSalesman" already in register.
[Thu Sep 15 2016 11:12:00 GMT-0300 (BRT)] ERROR [Error: Line: 1 - Number of line separators is wrong! Should be: 3]
[Thu Sep 15 2016 11:12:00 GMT-0300 (BRT)] ERROR [Error: Line: 1 - Number of line separators is wrong! Should be: 3]
[Thu Sep 15 2016 11:12:00 GMT-0300 (BRT)] ERROR [Error: Not a .dat file!]
[Thu Sep 15 2016 11:12:00 GMT-0300 (BRT)] ERROR [Error: Not a valid file name!]
[Thu Sep 15 2016 15:36:05 GMT-0300 (BRT)] INFO Costumer "existentUser" already in register.
[Thu Sep 15 2016 15:36:05 GMT-0300 (BRT)] INFO Salesman "existentSalesman" already in register.
[Thu Sep 15 2016 15:40:01 GMT-0300 (BRT)] INFO Costumer "existentUser" already in register.
[Thu Sep 15 2016 15:40:01 GMT-0300 (BRT)] INFO Salesman "existentSalesman" already in register.
[Thu Sep 15 2016 15:40:30 GMT-0300 (BRT)] INFO Costumer "existentUser" already in register.
[Thu Sep 15 2016 15:40:30 GMT-0300 (BRT)] INFO Salesman "existentSalesman" already in register.
[Thu Sep 15 2016 15:40:57 GMT-0300 (BRT)] INFO Costumer "existentUser" already in register.
[Thu Sep 15 2016 15:40:57 GMT-0300 (BRT)] INFO Salesman "existentSalesman" already in register.
[Thu Sep 15 2016 15:41:12 GMT-0300 (BRT)] INFO Costumer "existentUser" already in register.
[Thu Sep 15 2016 15:41:12 GMT-0300 (BRT)] INFO Salesman "existentSalesman" already in register.
[Thu Sep 15 2016 15:41:31 GMT-0300 (BRT)] INFO Costumer "existentUser" already in register.
[Thu Sep 15 2016 15:41:31 GMT-0300 (BRT)] INFO Salesman "existentSalesman" already in register.
[Thu Sep 15 2016 15:41:34 GMT-0300 (BRT)] INFO Costumer "existentUser" already in register.
[Thu Sep 15 2016 15:41:34 GMT-0300 (BRT)] INFO Salesman "existentSalesman" already in register.
[Thu Sep 15 2016 15:41:34 GMT-0300 (BRT)] ERROR [Error: Line: 1 - Number of line separators is wrong! Should be: 3]
[Thu Sep 15 2016 15:41:34 GMT-0300 (BRT)] ERROR [Error: Line: 1 - Number of line separators is wrong! Should be: 3]
[Thu Sep 15 2016 15:41:34 GMT-0300 (BRT)] ERROR [Error: Not a .dat file!]
[Thu Sep 15 2016 15:41:34 GMT-0300 (BRT)] ERROR [Error: Not a valid file name!]
[Thu Sep 15 2016 15:52:01 GMT-0300 (BRT)] INFO Costumer "existentUser" already in register.
[Thu Sep 15 2016 15:52:01 GMT-0300 (BRT)] INFO Salesman "existentSalesman" already in register.
[Thu Sep 15 2016 15:52:02 GMT-0300 (BRT)] ERROR [Error: Line: 1 - Number of line separators is wrong! Should be: 3]
[Thu Sep 15 2016 15:52:02 GMT-0300 (BRT)] ERROR [Error: Line: 1 - Number of line separators is wrong! Should be: 3]
[Thu Sep 15 2016 15:52:02 GMT-0300 (BRT)] ERROR [Error: Not a .dat file!]
[Thu Sep 15 2016 15:52:02 GMT-0300 (BRT)] ERROR [Error: Not a valid file name!]
[Thu Sep 15 2016 16:44:15 GMT-0300 (BRT)] INFO Costumer "existentUser" already in register.
[Thu Sep 15 2016 16:44:15 GMT-0300 (BRT)] INFO Salesman "existentSalesman" already in register.
[Thu Sep 15 2016 16:44:28 GMT-0300 (BRT)] INFO Costumer "existentUser" already in register.
[Thu Sep 15 2016 16:44:28 GMT-0300 (BRT)] INFO Salesman "existentSalesman" already in register.
[Thu Sep 15 2016 16:44:37 GMT-0300 (BRT)] INFO Costumer "existentUser" already in register.
[Thu Sep 15 2016 16:44:37 GMT-0300 (BRT)] INFO Salesman "existentSalesman" already in register.
[Thu Sep 15 2016 16:44:38 GMT-0300 (BRT)] ERROR [Error: Line: 1 - Number of line separators is wrong! Should be: 3]
[Thu Sep 15 2016 16:44:38 GMT-0300 (BRT)] ERROR [Error: Line: 1 - Number of line separators is wrong! Should be: 3]
[Thu Sep 15 2016 16:44:38 GMT-0300 (BRT)] ERROR [Error: Not a .dat file!]
[Thu Sep 15 2016 16:44:38 GMT-0300 (BRT)] ERROR [Error: Not a valid file name!]
