0 info it worked if it ends with ok
1 verbose cli [ '/usr/bin/nodejs', '/usr/bin/npm', 'run-script', 'unit-test' ]
2 info using npm@3.5.2
3 info using node@v4.2.6
4 verbose run-script [ 'preunit-test', 'unit-test', 'postunit-test' ]
5 info lifecycle etl_flatfile@1.0.0~preunit-test: etl_flatfile@1.0.0
6 silly lifecycle etl_flatfile@1.0.0~preunit-test: no script for preunit-test, continuing
7 info lifecycle etl_flatfile@1.0.0~unit-test: etl_flatfile@1.0.0
8 verbose lifecycle etl_flatfile@1.0.0~unit-test: unsafe-perm in lifecycle true
9 verbose lifecycle etl_flatfile@1.0.0~unit-test: PATH: /usr/share/npm/bin/node-gyp-bin:/home/ilegra000035/Documentos/ETL_flatFile/server/node_modules/.bin:/usr/local/sbin:/usr/local/bin:/usr/sbin:/usr/bin:/sbin:/bin:/usr/games:/usr/local/games:/snap/bin
10 verbose lifecycle etl_flatfile@1.0.0~unit-test: CWD: /home/ilegra000035/Documentos/ETL_flatFile/server
11 silly lifecycle etl_flatfile@1.0.0~unit-test: Args: [ '-c', 'mocha --recursive specs/unit/' ]
12 silly lifecycle etl_flatfile@1.0.0~unit-test: Returned: code: 1  signal: null
13 info lifecycle etl_flatfile@1.0.0~unit-test: Failed to exec unit-test script
14 verbose stack Error: etl_flatfile@1.0.0 unit-test: `mocha --recursive specs/unit/`
14 verbose stack Exit status 1
14 verbose stack     at EventEmitter.<anonymous> (/usr/share/npm/lib/utils/lifecycle.js:232:16)
14 verbose stack     at emitTwo (events.js:87:13)
14 verbose stack     at EventEmitter.emit (events.js:172:7)
14 verbose stack     at ChildProcess.<anonymous> (/usr/share/npm/lib/utils/spawn.js:24:14)
14 verbose stack     at emitTwo (events.js:87:13)
14 verbose stack     at ChildProcess.emit (events.js:172:7)
14 verbose stack     at maybeClose (internal/child_process.js:821:16)
14 verbose stack     at Process.ChildProcess._handle.onexit (internal/child_process.js:211:5)
15 verbose pkgid etl_flatfile@1.0.0
16 verbose cwd /home/ilegra000035/Documentos/ETL_flatFile/server
17 error Linux 4.4.0-36-generic
18 error argv "/usr/bin/nodejs" "/usr/bin/npm" "run-script" "unit-test"
19 error node v4.2.6
20 error npm  v3.5.2
21 error code ELIFECYCLE
22 error etl_flatfile@1.0.0 unit-test: `mocha --recursive specs/unit/`
22 error Exit status 1
23 error Failed at the etl_flatfile@1.0.0 unit-test script 'mocha --recursive specs/unit/'.
23 error Make sure you have the latest version of node.js and npm installed.
23 error If you do, this is most likely a problem with the etl_flatfile package,
23 error not with npm itself.
23 error Tell the author that this fails on your system:
23 error     mocha --recursive specs/unit/
23 error You can get information on how to open an issue for this project with:
23 error     npm bugs etl_flatfile
23 error Or if that isn't available, you can get their info via:
23 error     npm owner ls etl_flatfile
23 error There is likely additional logging output above.
24 verbose exit [ 1, true ]
